<?xml version="1.0" encoding="UTF-8"?>
<!-- Generated by org.testng.reporters.JUnitXMLReporter -->
<testsuite ignored="0" hostname="DESKTOP-8AMMTQ5" failures="1" tests="1" name="AJBell" time="17.234" errors="0" timestamp="2021-11-25T03:24:41 IST">
  <testcase classname="com.demo.testCases.TC_LoadPage" name="TC_loadPage" time="2.214">
    <failure type="java.lang.AssertionError" message="expected [true] but found [false]">
      <![CDATA[java.lang.AssertionError: expected [true] but found [false]
at com.demo.testCases.TC_LoadPage.TC_loadPage(TC_LoadPage.java:27)
at java.base/java.util.ArrayList.forEach(ArrayList.java:1511)
... Removed 31 stack frames]]>
    </failure>
  </testcase> <!-- TC_loadPage -->
</testsuite> <!-- AJBell -->
