<?xml version="1.0" encoding="UTF-8"?>
<testng-results ignored="0" total="1" passed="1" failed="0" skipped="0">
  <reporter-output>
  </reporter-output>
  <suite started-at="2021-11-25T09:02:13 IST" name="SeleniumJavaFramework" finished-at="2021-11-25T09:02:25 IST" duration-ms="11281">
    <groups>
    </groups>
    <test started-at="2021-11-25T09:02:13 IST" name="AJBell" finished-at="2021-11-25T09:02:25 IST" duration-ms="11281">
      <class name="com.demo.testCases.TC_LoadPage">
        <test-method is-config="true" signature="setup(java.lang.String)[pri:0, instance:com.demo.testCases.TC_LoadPage@3c87521]" started-at="2021-11-25T09:02:13 IST" name="setup" finished-at="2021-11-25T09:02:22 IST" duration-ms="8560" status="PASS">
          <params>
            <param index="0">
              <value>
                <![CDATA[chrome]]>
              </value>
            </param>
          </params>
          <reporter-output>
          </reporter-output>
        </test-method> <!-- setup -->
        <test-method signature="TC_loadPage()[pri:0, instance:com.demo.testCases.TC_LoadPage@3c87521]" started-at="2021-11-25T09:02:22 IST" name="TC_loadPage" finished-at="2021-11-25T09:02:24 IST" duration-ms="1993" status="PASS">
          <reporter-output>
          </reporter-output>
        </test-method> <!-- TC_loadPage -->
        <test-method is-config="true" signature="close()[pri:0, instance:com.demo.testCases.TC_LoadPage@3c87521]" started-at="2021-11-25T09:02:24 IST" name="close" finished-at="2021-11-25T09:02:25 IST" duration-ms="655" status="PASS">
          <reporter-output>
          </reporter-output>
        </test-method> <!-- close -->
      </class> <!-- com.demo.testCases.TC_LoadPage -->
    </test> <!-- AJBell -->
  </suite> <!-- SeleniumJavaFramework -->
</testng-results>
