<?xml version="1.0" encoding="UTF-8"?>
<testng-results ignored="0" total="1" passed="1" failed="0" skipped="0">
  <reporter-output>
  </reporter-output>
  <suite started-at="2021-11-25T20:48:01 IST" name="SeleniumJavaFramework" finished-at="2021-11-25T20:48:25 IST" duration-ms="24094">
    <groups>
    </groups>
    <test started-at="2021-11-25T20:48:01 IST" name="AJBell" finished-at="2021-11-25T20:48:25 IST" duration-ms="24094">
      <class name="com.demo.testCases.TC_OurProduct">
        <test-method is-config="true" signature="setup(java.lang.String)[pri:0, instance:com.demo.testCases.TC_OurProduct@2e005c4b]" started-at="2021-11-25T20:48:01 IST" name="setup" finished-at="2021-11-25T20:48:10 IST" duration-ms="9152" status="PASS">
          <params>
            <param index="0">
              <value>
                <![CDATA[chrome]]>
              </value>
            </param>
          </params>
          <reporter-output>
          </reporter-output>
        </test-method> <!-- setup -->
        <test-method signature="TC_OurProduct(java.lang.String)[pri:0, instance:com.demo.testCases.TC_OurProduct@2e005c4b]" started-at="2021-11-25T20:48:10 IST" name="TC_OurProduct" finished-at="2021-11-25T20:48:24 IST" duration-ms="14216" status="PASS">
          <params>
            <param index="0">
              <value>
                <![CDATA[financialProfessional]]>
              </value>
            </param>
          </params>
          <reporter-output>
          </reporter-output>
        </test-method> <!-- TC_OurProduct -->
        <test-method is-config="true" signature="close()[pri:0, instance:com.demo.testCases.TC_OurProduct@2e005c4b]" started-at="2021-11-25T20:48:24 IST" name="close" finished-at="2021-11-25T20:48:25 IST" duration-ms="654" status="PASS">
          <reporter-output>
          </reporter-output>
        </test-method> <!-- close -->
      </class> <!-- com.demo.testCases.TC_OurProduct -->
    </test> <!-- AJBell -->
  </suite> <!-- SeleniumJavaFramework -->
</testng-results>
